<?xml version="1.0" encoding="UTF-8"?>
<testsuite xmlns:xsi="http://www.w3.org/2001/XMLSchema-instance" xsi:noNamespaceSchemaLocation="https://maven.apache.org/surefire/maven-surefire-plugin/xsd/surefire-test-report.xsd"
           name="sample.cglib.enhancer.EnhancerTest" time="0.195" tests="6" errors="0" skipped="0" failures="0">
  <properties>
    <property name="gopherProxySet" value="false"/>
    <property name="awt.toolkit" value="sun.lwawt.macosx.LWCToolkit"/>
    <property name="http.proxyHost" value="localhost"/>
    <property name="file.encoding.pkg" value="sun.io"/>
    <property name="java.specification.version" value="1.8"/>
    <property name="sun.cpu.isalist" value=""/>
    <property name="sun.jnu.encoding" value="UTF-8"/>
    <property name="java.class.path"
              value="/Users/ivar/Documents/code/java/JavaSample/target/test-classes:/Users/ivar/Documents/code/java/JavaSample/target/classes:/Users/ivar/.m2/repository/com/google/dagger/dagger/2.15/dagger-2.15.jar:/Users/ivar/.m2/repository/javax/inject/javax.inject/1/javax.inject-1.jar:/Users/ivar/.m2/repository/com/google/dagger/dagger-compiler/2.15/dagger-compiler-2.15.jar:/Users/ivar/.m2/repository/com/google/dagger/dagger-producers/2.15/dagger-producers-2.15.jar:/Users/ivar/.m2/repository/com/google/dagger/dagger-spi/2.15/dagger-spi-2.15.jar:/Users/ivar/.m2/repository/com/google/googlejavaformat/google-java-format/1.4/google-java-format-1.4.jar:/Users/ivar/.m2/repository/com/google/errorprone/javac-shaded/9-dev-r4023-3/javac-shaded-9-dev-r4023-3.jar:/Users/ivar/.m2/repository/com/squareup/javapoet/1.8.0/javapoet-1.8.0.jar:/Users/ivar/.m2/repository/javax/annotation/jsr250-api/1.0/jsr250-api-1.0.jar:/Users/ivar/.m2/repository/com/fasterxml/jackson/core/jackson-core/2.9.5/jackson-core-2.9.5.jar:/Users/ivar/.m2/repository/com/fasterxml/jackson/core/jackson-databind/2.9.5/jackson-databind-2.9.5.jar:/Users/ivar/.m2/repository/com/fasterxml/jackson/core/jackson-annotations/2.9.5/jackson-annotations-2.9.5.jar:/Users/ivar/.m2/repository/com/fasterxml/jackson/dataformat/jackson-dataformat-xml/2.9.5/jackson-dataformat-xml-2.9.5.jar:/Users/ivar/.m2/repository/com/fasterxml/jackson/module/jackson-module-jaxb-annotations/2.9.5/jackson-module-jaxb-annotations-2.9.5.jar:/Users/ivar/.m2/repository/org/codehaus/woodstox/stax2-api/3.1.4/stax2-api-3.1.4.jar:/Users/ivar/.m2/repository/com/fasterxml/woodstox/woodstox-core/5.0.3/woodstox-core-5.0.3.jar:/Users/ivar/.m2/repository/org/codehaus/woodstox/woodstox-core-asl/4.4.1/woodstox-core-asl-4.4.1.jar:/Users/ivar/.m2/repository/javax/xml/stream/stax-api/1.0-2/stax-api-1.0-2.jar:/Users/ivar/.m2/repository/com/typesafe/config/1.3.0/config-1.3.0.jar:/Users/ivar/.m2/repository/cglib/cglib-nodep/3.1/cglib-nodep-3.1.jar:/Users/ivar/.m2/repository/com/jcraft/jsch/0.1.54/jsch-0.1.54.jar:/Users/ivar/.m2/repository/commons-httpclient/commons-httpclient/3.1/commons-httpclient-3.1.jar:/Users/ivar/.m2/repository/commons-logging/commons-logging/1.0.4/commons-logging-1.0.4.jar:/Users/ivar/.m2/repository/commons-codec/commons-codec/1.2/commons-codec-1.2.jar:/Users/ivar/.m2/repository/org/apache/commons/commons-vfs2/2.2/commons-vfs2-2.2.jar:/Users/ivar/.m2/repository/joda-time/joda-time/2.9.9/joda-time-2.9.9.jar:/Users/ivar/.m2/repository/org/springframework/spring-core/4.1.4.RELEASE/spring-core-4.1.4.RELEASE.jar:/Users/ivar/.m2/repository/au/com/bytecode/opencsv/2.4/opencsv-2.4.jar:/Users/ivar/.m2/repository/commons-io/commons-io/2.6/commons-io-2.6.jar:/Users/ivar/.m2/repository/org/apache/logging/log4j/log4j-api/2.11.0/log4j-api-2.11.0.jar:/Users/ivar/.m2/repository/org/apache/logging/log4j/log4j-core/2.11.0/log4j-core-2.11.0.jar:/Users/ivar/.m2/repository/org/apache/logging/log4j/log4j-jcl/2.11.0/log4j-jcl-2.11.0.jar:/Users/ivar/.m2/repository/org/apache/logging/log4j/log4j-slf4j-impl/2.11.0/log4j-slf4j-impl-2.11.0.jar:/Users/ivar/.m2/repository/org/slf4j/slf4j-api/1.8.0-alpha2/slf4j-api-1.8.0-alpha2.jar:/Users/ivar/.m2/repository/javax/servlet/javax.servlet-api/3.1.0/javax.servlet-api-3.1.0.jar:/Users/ivar/.m2/repository/org/codehaus/groovy/groovy-all/2.4.15/groovy-all-2.4.15.jar:/Users/ivar/.m2/repository/com/google/guava/guava/24.1-jre/guava-24.1-jre.jar:/Users/ivar/.m2/repository/com/google/code/findbugs/jsr305/1.3.9/jsr305-1.3.9.jar:/Users/ivar/.m2/repository/org/checkerframework/checker-compat-qual/2.0.0/checker-compat-qual-2.0.0.jar:/Users/ivar/.m2/repository/com/google/errorprone/error_prone_annotations/2.1.3/error_prone_annotations-2.1.3.jar:/Users/ivar/.m2/repository/com/google/j2objc/j2objc-annotations/1.1/j2objc-annotations-1.1.jar:/Users/ivar/.m2/repository/org/codehaus/mojo/animal-sniffer-annotations/1.14/animal-sniffer-annotations-1.14.jar:/Users/ivar/.m2/repository/io/vavr/vavr/0.9.2/vavr-0.9.2.jar:/Users/ivar/.m2/repository/io/vavr/vavr-match/0.9.2/vavr-match-0.9.2.jar:/Users/ivar/.m2/repository/junit/junit/4.12/junit-4.12.jar:/Users/ivar/.m2/repository/org/hamcrest/hamcrest-core/1.3/hamcrest-core-1.3.jar:/Users/ivar/.m2/repository/org/assertj/assertj-core/3.9.1/assertj-core-3.9.1.jar:/Users/ivar/.m2/repository/org/assertj/assertj-guava/3.1.0/assertj-guava-3.1.0.jar:/Users/ivar/.m2/repository/org/openjdk/jmh/jmh-generator-annprocess/1.20/jmh-generator-annprocess-1.20.jar:/Users/ivar/.m2/repository/org/openjdk/jmh/jmh-core/1.20/jmh-core-1.20.jar:/Users/ivar/.m2/repository/net/sf/jopt-simple/jopt-simple/4.6/jopt-simple-4.6.jar:/Users/ivar/.m2/repository/org/apache/commons/commons-math3/3.2/commons-math3-3.2.jar:"/>
    <property name="https.proxyPort" value="8123"/>
    <property name="java.vm.vendor" value="Oracle Corporation"/>
    <property name="sun.arch.data.model" value="64"/>
    <property name="java.vendor.url" value="http://java.oracle.com/"/>
    <property name="user.timezone" value=""/>
    <property name="java.vm.specification.version" value="1.8"/>
    <property name="os.name" value="Mac OS X"/>
    <property name="user.country" value="CN"/>
    <property name="sun.java.launcher" value="SUN_STANDARD"/>
    <property name="sun.boot.library.path" value="/Library/Java/JavaVirtualMachines/jdk1.8.0_144.jdk/Contents/Home/jre/lib"/>
    <property name="sun.java.command"
              value="/Users/ivar/Documents/code/java/JavaSample/target/surefire/surefirebooter4535344209282242610.jar /Users/ivar/Documents/code/java/JavaSample/target/surefire 2018-03-28T21-46-45_281-jvmRun1 surefire327801177374931437tmp surefire_07159952372287352495tmp"/>
    <property name="surefire.test.class.path"
              value="/Users/ivar/Documents/code/java/JavaSample/target/test-classes:/Users/ivar/Documents/code/java/JavaSample/target/classes:/Users/ivar/.m2/repository/com/google/dagger/dagger/2.15/dagger-2.15.jar:/Users/ivar/.m2/repository/javax/inject/javax.inject/1/javax.inject-1.jar:/Users/ivar/.m2/repository/com/google/dagger/dagger-compiler/2.15/dagger-compiler-2.15.jar:/Users/ivar/.m2/repository/com/google/dagger/dagger-producers/2.15/dagger-producers-2.15.jar:/Users/ivar/.m2/repository/com/google/dagger/dagger-spi/2.15/dagger-spi-2.15.jar:/Users/ivar/.m2/repository/com/google/googlejavaformat/google-java-format/1.4/google-java-format-1.4.jar:/Users/ivar/.m2/repository/com/google/errorprone/javac-shaded/9-dev-r4023-3/javac-shaded-9-dev-r4023-3.jar:/Users/ivar/.m2/repository/com/squareup/javapoet/1.8.0/javapoet-1.8.0.jar:/Users/ivar/.m2/repository/javax/annotation/jsr250-api/1.0/jsr250-api-1.0.jar:/Users/ivar/.m2/repository/com/fasterxml/jackson/core/jackson-core/2.9.5/jackson-core-2.9.5.jar:/Users/ivar/.m2/repository/com/fasterxml/jackson/core/jackson-databind/2.9.5/jackson-databind-2.9.5.jar:/Users/ivar/.m2/repository/com/fasterxml/jackson/core/jackson-annotations/2.9.5/jackson-annotations-2.9.5.jar:/Users/ivar/.m2/repository/com/fasterxml/jackson/dataformat/jackson-dataformat-xml/2.9.5/jackson-dataformat-xml-2.9.5.jar:/Users/ivar/.m2/repository/com/fasterxml/jackson/module/jackson-module-jaxb-annotations/2.9.5/jackson-module-jaxb-annotations-2.9.5.jar:/Users/ivar/.m2/repository/org/codehaus/woodstox/stax2-api/3.1.4/stax2-api-3.1.4.jar:/Users/ivar/.m2/repository/com/fasterxml/woodstox/woodstox-core/5.0.3/woodstox-core-5.0.3.jar:/Users/ivar/.m2/repository/org/codehaus/woodstox/woodstox-core-asl/4.4.1/woodstox-core-asl-4.4.1.jar:/Users/ivar/.m2/repository/javax/xml/stream/stax-api/1.0-2/stax-api-1.0-2.jar:/Users/ivar/.m2/repository/com/typesafe/config/1.3.0/config-1.3.0.jar:/Users/ivar/.m2/repository/cglib/cglib-nodep/3.1/cglib-nodep-3.1.jar:/Users/ivar/.m2/repository/com/jcraft/jsch/0.1.54/jsch-0.1.54.jar:/Users/ivar/.m2/repository/commons-httpclient/commons-httpclient/3.1/commons-httpclient-3.1.jar:/Users/ivar/.m2/repository/commons-logging/commons-logging/1.0.4/commons-logging-1.0.4.jar:/Users/ivar/.m2/repository/commons-codec/commons-codec/1.2/commons-codec-1.2.jar:/Users/ivar/.m2/repository/org/apache/commons/commons-vfs2/2.2/commons-vfs2-2.2.jar:/Users/ivar/.m2/repository/joda-time/joda-time/2.9.9/joda-time-2.9.9.jar:/Users/ivar/.m2/repository/org/springframework/spring-core/4.1.4.RELEASE/spring-core-4.1.4.RELEASE.jar:/Users/ivar/.m2/repository/au/com/bytecode/opencsv/2.4/opencsv-2.4.jar:/Users/ivar/.m2/repository/commons-io/commons-io/2.6/commons-io-2.6.jar:/Users/ivar/.m2/repository/org/apache/logging/log4j/log4j-api/2.11.0/log4j-api-2.11.0.jar:/Users/ivar/.m2/repository/org/apache/logging/log4j/log4j-core/2.11.0/log4j-core-2.11.0.jar:/Users/ivar/.m2/repository/org/apache/logging/log4j/log4j-jcl/2.11.0/log4j-jcl-2.11.0.jar:/Users/ivar/.m2/repository/org/apache/logging/log4j/log4j-slf4j-impl/2.11.0/log4j-slf4j-impl-2.11.0.jar:/Users/ivar/.m2/repository/org/slf4j/slf4j-api/1.8.0-alpha2/slf4j-api-1.8.0-alpha2.jar:/Users/ivar/.m2/repository/javax/servlet/javax.servlet-api/3.1.0/javax.servlet-api-3.1.0.jar:/Users/ivar/.m2/repository/org/codehaus/groovy/groovy-all/2.4.15/groovy-all-2.4.15.jar:/Users/ivar/.m2/repository/com/google/guava/guava/24.1-jre/guava-24.1-jre.jar:/Users/ivar/.m2/repository/com/google/code/findbugs/jsr305/1.3.9/jsr305-1.3.9.jar:/Users/ivar/.m2/repository/org/checkerframework/checker-compat-qual/2.0.0/checker-compat-qual-2.0.0.jar:/Users/ivar/.m2/repository/com/google/errorprone/error_prone_annotations/2.1.3/error_prone_annotations-2.1.3.jar:/Users/ivar/.m2/repository/com/google/j2objc/j2objc-annotations/1.1/j2objc-annotations-1.1.jar:/Users/ivar/.m2/repository/org/codehaus/mojo/animal-sniffer-annotations/1.14/animal-sniffer-annotations-1.14.jar:/Users/ivar/.m2/repository/io/vavr/vavr/0.9.2/vavr-0.9.2.jar:/Users/ivar/.m2/repository/io/vavr/vavr-match/0.9.2/vavr-match-0.9.2.jar:/Users/ivar/.m2/repository/junit/junit/4.12/junit-4.12.jar:/Users/ivar/.m2/repository/org/hamcrest/hamcrest-core/1.3/hamcrest-core-1.3.jar:/Users/ivar/.m2/repository/org/assertj/assertj-core/3.9.1/assertj-core-3.9.1.jar:/Users/ivar/.m2/repository/org/assertj/assertj-guava/3.1.0/assertj-guava-3.1.0.jar:/Users/ivar/.m2/repository/org/openjdk/jmh/jmh-generator-annprocess/1.20/jmh-generator-annprocess-1.20.jar:/Users/ivar/.m2/repository/org/openjdk/jmh/jmh-core/1.20/jmh-core-1.20.jar:/Users/ivar/.m2/repository/net/sf/jopt-simple/jopt-simple/4.6/jopt-simple-4.6.jar:/Users/ivar/.m2/repository/org/apache/commons/commons-math3/3.2/commons-math3-3.2.jar:"/>
    <property name="sun.cpu.endian" value="little"/>
    <property name="user.home" value="/Users/ivar"/>
    <property name="user.language" value="zh"/>
    <property name="java.specification.vendor" value="Oracle Corporation"/>
    <property name="java.home" value="/Library/Java/JavaVirtualMachines/jdk1.8.0_144.jdk/Contents/Home/jre"/>
    <property name="basedir" value="/Users/ivar/Documents/code/java/JavaSample"/>
    <property name="https.proxyHost" value="localhost"/>
    <property name="file.separator" value="/"/>
    <property name="line.separator" value="&#10;"/>
    <property name="java.vm.specification.vendor" value="Oracle Corporation"/>
    <property name="java.specification.name" value="Java Platform API Specification"/>
    <property name="java.awt.graphicsenv" value="sun.awt.CGraphicsEnvironment"/>
    <property name="surefire.real.class.path" value="/Users/ivar/Documents/code/java/JavaSample/target/surefire/surefirebooter4535344209282242610.jar"/>
    <property name="sun.boot.class.path"
              value="/Library/Java/JavaVirtualMachines/jdk1.8.0_144.jdk/Contents/Home/jre/lib/resources.jar:/Library/Java/JavaVirtualMachines/jdk1.8.0_144.jdk/Contents/Home/jre/lib/rt.jar:/Library/Java/JavaVirtualMachines/jdk1.8.0_144.jdk/Contents/Home/jre/lib/sunrsasign.jar:/Library/Java/JavaVirtualMachines/jdk1.8.0_144.jdk/Contents/Home/jre/lib/jsse.jar:/Library/Java/JavaVirtualMachines/jdk1.8.0_144.jdk/Contents/Home/jre/lib/jce.jar:/Library/Java/JavaVirtualMachines/jdk1.8.0_144.jdk/Contents/Home/jre/lib/charsets.jar:/Library/Java/JavaVirtualMachines/jdk1.8.0_144.jdk/Contents/Home/jre/lib/jfr.jar:/Library/Java/JavaVirtualMachines/jdk1.8.0_144.jdk/Contents/Home/jre/classes"/>
    <property name="sun.management.compiler" value="HotSpot 64-Bit Tiered Compilers"/>
    <property name="java.runtime.version" value="1.8.0_144-b01"/>
    <property name="user.name" value="ivar"/>
    <property name="path.separator" value=":"/>
    <property name="os.version" value="10.12.6"/>
    <property name="java.endorsed.dirs" value="/Library/Java/JavaVirtualMachines/jdk1.8.0_144.jdk/Contents/Home/jre/lib/endorsed"/>
    <property name="java.runtime.name" value="Java(TM) SE Runtime Environment"/>
    <property name="file.encoding" value="UTF-8"/>
    <property name="java.vm.name" value="Java HotSpot(TM) 64-Bit Server VM"/>
    <property name="localRepository" value="/Users/ivar/.m2/repository"/>
    <property name="java.vendor.url.bug" value="http://bugreport.sun.com/bugreport/"/>
    <property name="java.io.tmpdir" value="/var/folders/nb/2l3l6pkx0f5_w06w3zsc6xym0000gp/T/"/>
    <property name="java.version" value="1.8.0_144"/>
    <property name="user.dir" value="/Users/ivar/Documents/code/java/JavaSample"/>
    <property name="os.arch" value="x86_64"/>
    <property name="java.vm.specification.name" value="Java Virtual Machine Specification"/>
    <property name="java.awt.printerjob" value="sun.lwawt.macosx.CPrinterJob"/>
    <property name="sun.os.patch.level" value="unknown"/>
    <property name="java.library.path" value="/Users/ivar/Library/Java/Extensions:/Library/Java/Extensions:/Network/Library/Java/Extensions:/System/Library/Java/Extensions:/usr/lib/java:."/>
    <property name="java.vm.info" value="mixed mode"/>
    <property name="java.vendor" value="Oracle Corporation"/>
    <property name="java.vm.version" value="25.144-b01"/>
    <property name="java.ext.dirs"
              value="/Users/ivar/Library/Java/Extensions:/Library/Java/JavaVirtualMachines/jdk1.8.0_144.jdk/Contents/Home/jre/lib/ext:/Library/Java/Extensions:/Network/Library/Java/Extensions:/System/Library/Java/Extensions:/usr/lib/java"/>
    <property name="sun.io.unicode.encoding" value="UnicodeBig"/>
    <property name="java.class.version" value="52.0"/>
    <property name="http.proxyPort" value="8123"/>
  </properties>
  <testcase name="testMethodInterceptor" classname="sample.cglib.enhancer.EnhancerTest" time="0.134"/>
  <testcase name="testDispatcher" classname="sample.cglib.enhancer.EnhancerTest" time="0.002"/>
  <testcase name="testCallbackFilter" classname="sample.cglib.enhancer.EnhancerTest" time="0.006"/>
  <testcase name="testLazyLoader" classname="sample.cglib.enhancer.EnhancerTest" time="0.002"/>
  <testcase name="testInvocationHandler" classname="sample.cglib.enhancer.EnhancerTest" time="0.003"/>
  <testcase name="testFixedValue" classname="sample.cglib.enhancer.EnhancerTest" time="0.002"/>
</testsuite>